<?xml version="1.0" encoding="UTF-8"?>
<!-- Generated by org.testng.reporters.JUnitReportReporter -->
<testsuite hostname="LIN83001100" failures="0" tests="1" name="com.project.test1.Maven.HelloTest" time="0.015" errors="0" timestamp="25 Apr 2020 18:05:29 GMT" skipped="0">
  <testcase classname="com.project.test1.Maven.HelloTest" name="validate" time="0.015"/>
</testsuite> <!-- com.project.test1.Maven.HelloTest -->
