<?xml version="1.0" encoding="UTF-8"?>
<!-- Generated by org.testng.reporters.JUnitReportReporter -->
<testsuite hostname="LIN83001100" failures="0" tests="1" name="com.project.test1.Maven.HelloTest1" time="0.015" errors="0" timestamp="25 Apr 2020 17:51:48 GMT" skipped="0">
  <testcase classname="com.project.test1.Maven.HelloTest1" name="validate" time="0.015"/>
</testsuite> <!-- com.project.test1.Maven.HelloTest1 -->
